C:\CODE\3DSCANNER\3DSCANNER\DEBUG\3DSCANNER.EXE.EMBED.MANIFEST
C:\CODE\3DSCANNER\3DSCANNER\DEBUG\3DSCANNER.EXE.EMBED.MANIFEST.RES
C:\CODE\3DSCANNER\3DSCANNER\DEBUG\3DSCANNER.EXE.INTERMEDIATE.MANIFEST
C:\code\3DScanner\3DScanner\Debug\3DScanner_manifest.rc
C:\code\3DScanner\3DScanner\Debug\cl.command.1.tlog
C:\code\3DScanner\3DScanner\Debug\CL.read.1.tlog
C:\code\3DScanner\3DScanner\Debug\CL.write.1.tlog
C:\code\3DScanner\3DScanner\Debug\link.3648.read.1.tlog
C:\code\3DScanner\3DScanner\Debug\link.3648.write.1.tlog
C:\code\3DScanner\3DScanner\Debug\link.3648-cvtres.read.1.tlog
C:\code\3DScanner\3DScanner\Debug\link.3648-cvtres.write.1.tlog
C:\code\3DScanner\3DScanner\Debug\link.command.1.tlog
C:\code\3DScanner\3DScanner\Debug\link.read.1.tlog
C:\code\3DScanner\3DScanner\Debug\link.write.1.tlog
C:\code\3DScanner\3DScanner\Debug\link-cvtres.read.1.tlog
C:\code\3DScanner\3DScanner\Debug\link-cvtres.write.1.tlog
C:\code\3DScanner\3DScanner\Debug\mt.command.1.tlog
C:\code\3DScanner\3DScanner\Debug\mt.read.1.tlog
C:\code\3DScanner\3DScanner\Debug\mt.write.1.tlog
C:\code\3DScanner\3DScanner\Debug\rc.command.1.tlog
C:\code\3DScanner\3DScanner\Debug\rc.read.1.tlog
C:\code\3DScanner\3DScanner\Debug\rc.write.1.tlog
C:\code\3DScanner\3DScanner\Debug\vc100.idb
C:\CODE\3DSCANNER\3DSCANNER\DEBUG\VC100.PDB
C:\CODE\3DSCANNER\3DSCANNER\DEBUG\VIDEOTEST.OBJ
C:\CODE\3DSCANNER\DEBUG\3DSCANNER.EXE
C:\CODE\3DSCANNER\DEBUG\3DSCANNER.ILK
C:\CODE\3DSCANNER\DEBUG\3DSCANNER.PDB
