Build started 9/20/2012 2:55:11 PM.
     1>Project "C:\code\3DScanner\3DScanner\3DScanner.vcxproj" on node 2 (build target(s)).
     1>InitializeBuildStatus:
         Creating "Debug\3DScanner.unsuccessfulbuild" because "AlwaysCreate" was specified.
       ClCompile:
         c:\Program Files (x86)\Microsoft Visual Studio 10.0\VC\bin\CL.exe /c /IC:\opencv\build\include /IC:\opencv\build\include\opencv /ZI /nologo /W3 /WX- /Od /Oy- /D WIN32 /D _DEBUG /D _CONSOLE /D _UNICODE /D UNICODE /Gm /EHsc /RTC1 /MDd /GS /fp:precise /Zc:wchar_t /Zc:forScope /Fo"Debug\\" /Fd"Debug\vc100.pdb" /Gd /TP /analyze- /errorReport:prompt VideoTest.cpp
         VideoTest.cpp
       ManifestResourceCompile:
         C:\Program Files (x86)\Microsoft SDKs\Windows\v7.0A\bin\rc.exe /nologo /fo"Debug\3DScanner.exe.embed.manifest.res" Debug\3DScanner_manifest.rc 
       Link:
         c:\Program Files (x86)\Microsoft Visual Studio 10.0\VC\bin\link.exe /ERRORREPORT:PROMPT /OUT:"C:\code\3DScanner\Debug\3DScanner.exe" /INCREMENTAL /NOLOGO /LIBPATH:C:\opencv\build\x86\vc10\lib opencv_calib3d242d.lib opencv_contrib242d.lib opencv_core242d.lib opencv_features2d242d.lib opencv_flann242d.lib opencv_gpu242d.lib opencv_haartraining_engined.lib opencv_highgui242d.lib opencv_imgproc242d.lib opencv_legacy242d.lib opencv_ml242d.lib opencv_nonfree242d.lib opencv_objdetect242d.lib opencv_photo242d.lib opencv_stitching242d.lib opencv_ts242d.lib opencv_video242d.lib opencv_videostab242d.lib kernel32.lib user32.lib gdi32.lib winspool.lib comdlg32.lib advapi32.lib shell32.lib ole32.lib oleaut32.lib uuid.lib odbc32.lib odbccp32.lib /MANIFEST /ManifestFile:"Debug\3DScanner.exe.intermediate.manifest" /MANIFESTUAC:"level='asInvoker' uiAccess='false'" /DEBUG /PDB:"C:\code\3DScanner\Debug\3DScanner.pdb" /SUBSYSTEM:CONSOLE /TLBID:1 /DYNAMICBASE /NXCOMPAT /IMPLIB:"C:\code\3DScanner\Debug\3DScanner.lib" /MACHINE:X86 Debug\3DScanner.exe.embed.manifest.res
         Debug\VideoTest.obj
       Manifest:
         C:\Program Files (x86)\Microsoft SDKs\Windows\v7.0A\bin\mt.exe /nologo /verbose /out:"Debug\3DScanner.exe.embed.manifest" /manifest Debug\3DScanner.exe.intermediate.manifest
         C:\Program Files (x86)\Microsoft SDKs\Windows\v7.0A\bin\rc.exe /nologo /fo"Debug\3DScanner.exe.embed.manifest.res" Debug\3DScanner_manifest.rc 
       LinkEmbedManifest:
         c:\Program Files (x86)\Microsoft Visual Studio 10.0\VC\bin\link.exe /ERRORREPORT:PROMPT /OUT:"C:\code\3DScanner\Debug\3DScanner.exe" /INCREMENTAL /NOLOGO /LIBPATH:C:\opencv\build\x86\vc10\lib opencv_calib3d242d.lib opencv_contrib242d.lib opencv_core242d.lib opencv_features2d242d.lib opencv_flann242d.lib opencv_gpu242d.lib opencv_haartraining_engined.lib opencv_highgui242d.lib opencv_imgproc242d.lib opencv_legacy242d.lib opencv_ml242d.lib opencv_nonfree242d.lib opencv_objdetect242d.lib opencv_photo242d.lib opencv_stitching242d.lib opencv_ts242d.lib opencv_video242d.lib opencv_videostab242d.lib kernel32.lib user32.lib gdi32.lib winspool.lib comdlg32.lib advapi32.lib shell32.lib ole32.lib oleaut32.lib uuid.lib odbc32.lib odbccp32.lib /MANIFEST /ManifestFile:"Debug\3DScanner.exe.intermediate.manifest" /MANIFESTUAC:"level='asInvoker' uiAccess='false'" /DEBUG /PDB:"C:\code\3DScanner\Debug\3DScanner.pdb" /SUBSYSTEM:CONSOLE /TLBID:1 /DYNAMICBASE /NXCOMPAT /IMPLIB:"C:\code\3DScanner\Debug\3DScanner.lib" /MACHINE:X86 Debug\3DScanner.exe.embed.manifest.res
         Debug\VideoTest.obj
         3DScanner.vcxproj -> C:\code\3DScanner\Debug\3DScanner.exe
       FinalizeBuildStatus:
         Deleting file "Debug\3DScanner.unsuccessfulbuild".
         Touching "Debug\3DScanner.lastbuildstate".
     1>Done Building Project "C:\code\3DScanner\3DScanner\3DScanner.vcxproj" (build target(s)).

Build succeeded.

Time Elapsed 00:00:02.76
